<?xml version="1.0" encoding="UTF-8"?>
<testng-results skipped="0" failed="1" total="3" passed="2">
  <reporter-output>
  </reporter-output>
  <suite name="Free crm automation" duration-ms="183105" started-at="2019-11-12T17:03:03Z" finished-at="2019-11-12T17:06:06Z">
    <groups>
    </groups>
    <test name="free crm" duration-ms="183105" started-at="2019-11-12T17:03:03Z" finished-at="2019-11-12T17:06:06Z">
      <class name="com.freecrm.TestCase.TestClass1">
        <test-method status="PASS" signature="beforeSuite()[pri:0, instance:com.freecrm.TestCase.TestClass1@18be83e4]" name="beforeSuite" is-config="true" duration-ms="1981" started-at="2019-11-12T22:33:01Z" finished-at="2019-11-12T22:33:03Z">
          <reporter-output>
          </reporter-output>
        </test-method> <!-- beforeSuite -->
        <test-method status="PASS" signature="beforeTest()[pri:0, instance:com.freecrm.TestCase.TestClass1@18be83e4]" name="beforeTest" is-config="true" duration-ms="0" started-at="2019-11-12T22:33:03Z" finished-at="2019-11-12T22:33:03Z">
          <reporter-output>
          </reporter-output>
        </test-method> <!-- beforeTest -->
        <test-method status="FAIL" signature="verify_login()[pri:0, instance:com.freecrm.TestCase.TestClass1@18be83e4]" name="verify_login" duration-ms="80320" started-at="2019-11-12T22:33:03Z" finished-at="2019-11-12T22:34:23Z">
          <exception class="org.openqa.selenium.TimeoutException">
            <message>
              <![CDATA[Timeout loading page after 20000ms
Build info: version: '3.141.59', revision: 'e82be7d358', time: '2018-11-14T08:17:03'
System info: host: 'SUMITSAHA-PC', ip: '192.168.1.3', os.name: 'Windows 7', os.arch: 'amd64', os.version: '6.1', java.version: '1.8.0_191'
Driver info: org.openqa.selenium.firefox.FirefoxDriver
Capabilities {acceptInsecureCerts: true, browserName: firefox, browserVersion: 70.0.1, javascriptEnabled: true, moz:accessibilityChecks: false, moz:buildID: 20191030021342, moz:geckodriverVersion: 0.26.0, moz:headless: false, moz:processID: 672, moz:profile: C:\Users\Sumit Saha\AppData..., moz:shutdownTimeout: 60000, moz:useNonSpecCompliantPointerOrigin: false, moz:webdriverClick: true, pageLoadStrategy: normal, platform: WINDOWS, platformName: WINDOWS, platformVersion: 6.1, rotatable: false, setWindowRect: true, strictFileInteractability: false, timeouts: {implicit: 0, pageLoad: 300000, script: 30000}, unhandledPromptBehavior: dismiss and notify}
Session ID: 27e8d7f3-04d2-41e6-92ea-b6b1af2fdb68]]>
            </message>
            <full-stacktrace>
              <![CDATA[org.openqa.selenium.TimeoutException: Timeout loading page after 20000ms
Build info: version: '3.141.59', revision: 'e82be7d358', time: '2018-11-14T08:17:03'
System info: host: 'SUMITSAHA-PC', ip: '192.168.1.3', os.name: 'Windows 7', os.arch: 'amd64', os.version: '6.1', java.version: '1.8.0_191'
Driver info: org.openqa.selenium.firefox.FirefoxDriver
Capabilities {acceptInsecureCerts: true, browserName: firefox, browserVersion: 70.0.1, javascriptEnabled: true, moz:accessibilityChecks: false, moz:buildID: 20191030021342, moz:geckodriverVersion: 0.26.0, moz:headless: false, moz:processID: 672, moz:profile: C:\Users\Sumit Saha\AppData..., moz:shutdownTimeout: 60000, moz:useNonSpecCompliantPointerOrigin: false, moz:webdriverClick: true, pageLoadStrategy: normal, platform: WINDOWS, platformName: WINDOWS, platformVersion: 6.1, rotatable: false, setWindowRect: true, strictFileInteractability: false, timeouts: {implicit: 0, pageLoad: 300000, script: 30000}, unhandledPromptBehavior: dismiss and notify}
Session ID: 27e8d7f3-04d2-41e6-92ea-b6b1af2fdb68
	at sun.reflect.NativeConstructorAccessorImpl.newInstance0(Native Method)
	at sun.reflect.NativeConstructorAccessorImpl.newInstance(NativeConstructorAccessorImpl.java:62)
	at sun.reflect.DelegatingConstructorAccessorImpl.newInstance(DelegatingConstructorAccessorImpl.java:45)
	at java.lang.reflect.Constructor.newInstance(Constructor.java:423)
	at org.openqa.selenium.remote.http.W3CHttpResponseCodec.createException(W3CHttpResponseCodec.java:187)
	at org.openqa.selenium.remote.http.W3CHttpResponseCodec.decode(W3CHttpResponseCodec.java:122)
	at org.openqa.selenium.remote.http.W3CHttpResponseCodec.decode(W3CHttpResponseCodec.java:49)
	at org.openqa.selenium.remote.HttpCommandExecutor.execute(HttpCommandExecutor.java:158)
	at org.openqa.selenium.remote.service.DriverCommandExecutor.execute(DriverCommandExecutor.java:83)
	at org.openqa.selenium.remote.RemoteWebDriver.execute(RemoteWebDriver.java:552)
	at org.openqa.selenium.remote.RemoteWebDriver.get(RemoteWebDriver.java:277)
	at com.freecrm.TestUtilities.TestUtil.launchUrl(TestUtil.java:66)
	at com.freecrm.TestCase.TestClass1.verify_login(TestClass1.java:41)
	at sun.reflect.NativeMethodAccessorImpl.invoke0(Native Method)
	at sun.reflect.NativeMethodAccessorImpl.invoke(NativeMethodAccessorImpl.java:62)
	at sun.reflect.DelegatingMethodAccessorImpl.invoke(DelegatingMethodAccessorImpl.java:43)
	at java.lang.reflect.Method.invoke(Method.java:498)
	at org.testng.internal.MethodInvocationHelper.invokeMethod(MethodInvocationHelper.java:84)
	at org.testng.internal.Invoker.invokeMethod(Invoker.java:714)
	at org.testng.internal.Invoker.invokeTestMethod(Invoker.java:901)
	at org.testng.internal.Invoker.invokeTestMethods(Invoker.java:1231)
	at org.testng.internal.TestMethodWorker.invokeTestMethods(TestMethodWorker.java:127)
	at org.testng.internal.TestMethodWorker.run(TestMethodWorker.java:111)
	at org.testng.TestRunner.privateRun(TestRunner.java:767)
	at org.testng.TestRunner.run(TestRunner.java:617)
	at org.testng.SuiteRunner.runTest(SuiteRunner.java:334)
	at org.testng.SuiteRunner.runSequentially(SuiteRunner.java:329)
	at org.testng.SuiteRunner.privateRun(SuiteRunner.java:291)
	at org.testng.SuiteRunner.run(SuiteRunner.java:240)
	at org.testng.SuiteRunnerWorker.runSuite(SuiteRunnerWorker.java:52)
	at org.testng.SuiteRunnerWorker.run(SuiteRunnerWorker.java:86)
	at org.testng.TestNG.runSuitesSequentially(TestNG.java:1224)
	at org.testng.TestNG.runSuitesLocally(TestNG.java:1149)
	at org.testng.TestNG.run(TestNG.java:1057)
	at org.testng.remote.AbstractRemoteTestNG.run(AbstractRemoteTestNG.java:132)
	at org.testng.remote.RemoteTestNG.initAndRun(RemoteTestNG.java:230)
	at org.testng.remote.RemoteTestNG.main(RemoteTestNG.java:76)
]]>
            </full-stacktrace>
          </exception> <!-- org.openqa.selenium.TimeoutException -->
          <reporter-output>
          </reporter-output>
        </test-method> <!-- verify_login -->
        <test-method status="PASS" signature="beforeMethod()[pri:0, instance:com.freecrm.TestCase.TestClass1@18be83e4]" name="beforeMethod" is-config="true" duration-ms="0" started-at="2019-11-12T22:33:03Z" finished-at="2019-11-12T22:33:03Z">
          <reporter-output>
          </reporter-output>
        </test-method> <!-- beforeMethod -->
        <test-method status="PASS" signature="afterMethod()[pri:0, instance:com.freecrm.TestCase.TestClass1@18be83e4]" name="afterMethod" is-config="true" duration-ms="14013" started-at="2019-11-12T22:34:23Z" finished-at="2019-11-12T22:34:37Z">
          <reporter-output>
          </reporter-output>
        </test-method> <!-- afterMethod -->
        <test-method status="PASS" signature="beforeMethod()[pri:0, instance:com.freecrm.TestCase.TestClass1@18be83e4]" name="beforeMethod" is-config="true" duration-ms="0" started-at="2019-11-12T22:34:37Z" finished-at="2019-11-12T22:34:37Z">
          <reporter-output>
          </reporter-output>
        </test-method> <!-- beforeMethod -->
        <test-method status="PASS" signature="export_contact()[pri:0, instance:com.freecrm.TestCase.TestClass1@18be83e4]" name="export_contact" duration-ms="32254" started-at="2019-11-12T22:34:37Z" finished-at="2019-11-12T22:35:10Z">
          <reporter-output>
          </reporter-output>
        </test-method> <!-- export_contact -->
        <test-method status="PASS" signature="afterMethod()[pri:0, instance:com.freecrm.TestCase.TestClass1@18be83e4]" name="afterMethod" is-config="true" duration-ms="10939" started-at="2019-11-12T22:35:10Z" finished-at="2019-11-12T22:35:21Z">
          <reporter-output>
          </reporter-output>
        </test-method> <!-- afterMethod -->
        <test-method status="PASS" signature="download_exported_contact()[pri:0, instance:com.freecrm.TestCase.TestClass1@18be83e4]" name="download_exported_contact" duration-ms="36248" started-at="2019-11-12T22:35:21Z" finished-at="2019-11-12T22:35:57Z">
          <reporter-output>
          </reporter-output>
        </test-method> <!-- download_exported_contact -->
        <test-method status="PASS" signature="beforeMethod()[pri:0, instance:com.freecrm.TestCase.TestClass1@18be83e4]" name="beforeMethod" is-config="true" duration-ms="0" started-at="2019-11-12T22:35:21Z" finished-at="2019-11-12T22:35:21Z">
          <reporter-output>
          </reporter-output>
        </test-method> <!-- beforeMethod -->
        <test-method status="PASS" signature="afterMethod()[pri:0, instance:com.freecrm.TestCase.TestClass1@18be83e4]" name="afterMethod" is-config="true" duration-ms="9222" started-at="2019-11-12T22:35:57Z" finished-at="2019-11-12T22:36:06Z">
          <reporter-output>
          </reporter-output>
        </test-method> <!-- afterMethod -->
        <test-method status="PASS" signature="afterSuite()[pri:0, instance:com.freecrm.TestCase.TestClass1@18be83e4]" name="afterSuite" is-config="true" duration-ms="0" started-at="2019-11-12T22:36:06Z" finished-at="2019-11-12T22:36:06Z">
          <reporter-output>
          </reporter-output>
        </test-method> <!-- afterSuite -->
      </class> <!-- com.freecrm.TestCase.TestClass1 -->
    </test> <!-- free crm -->
  </suite> <!-- Free crm automation -->
</testng-results>
